<?xml version="1.0" encoding="UTF-8"?>
<!-- Generated by org.testng.reporters.JUnitReportReporter -->
<testsuite hostname="Madhuvarma" name="com.TestNG.OHRM_EmpData_Export" tests="1" failures="0" timestamp="2 Aug 2019 11:07:51 GMT" time="33.528" errors="0">
  <testcase name="OHRM_EmpDataExport" time="33.528" classname="com.TestNG.OHRM_EmpData_Export"/>
</testsuite> <!-- com.TestNG.OHRM_EmpData_Export -->
