<?xml version="1.0" encoding="UTF-8"?>
<!-- Generated by org.testng.reporters.JUnitReportReporter -->
<testsuite hostname="Madhuvarma" name="com.Keyword.OHRM_Hybrid" tests="2" failures="0" timestamp="1 Aug 2019 12:45:40 GMT" time="15.360" errors="0">
  <testcase name="Add_Employee" time="7.040" classname="com.Keyword.OHRM_Hybrid"/>
  <testcase name="LogIn" time="8.320" classname="com.Keyword.OHRM_Hybrid"/>
</testsuite> <!-- com.Keyword.OHRM_Hybrid -->
