<?xml version="1.0" encoding="UTF-8"?>
<!-- Generated by org.testng.reporters.JUnitReportReporter -->
<testsuite hostname="Madhuvarma" name="com.TestNG.Annotations2" tests="2" failures="0" timestamp="26 Jul 2019 10:53:21 GMT" time="0.000" errors="0">
  <testcase name="Inbox" time="0.000" classname="com.TestNG.Annotations2"/>
  <testcase name="SentMail" time="0.000" classname="com.TestNG.Annotations2"/>
</testsuite> <!-- com.TestNG.Annotations2 -->
