<?xml version="1.0" encoding="UTF-8"?>
<!-- Generated by org.testng.reporters.JUnitReportReporter -->
<testsuite hostname="Madhuvarma" name="com.TestNG.Login_Functionality" tests="2" failures="0" timestamp="26 Jul 2019 13:25:48 GMT" time="13.870" errors="0">
  <testcase name="LoginApplication" time="6.978" classname="com.TestNG.Login_Functionality"/>
  <testcase name="LogoutApplication" time="6.892" classname="com.TestNG.Login_Functionality"/>
</testsuite> <!-- com.TestNG.Login_Functionality -->
