<?xml version="1.0" encoding="UTF-8"?>
<!-- Generated by org.testng.reporters.JUnitReportReporter -->
<testsuite hostname="Madhuvarma" name="com.TestNG.OHRM_Data_Export_And_Delete" tests="1" failures="0" timestamp="2 Aug 2019 11:11:35 GMT" time="63.039" errors="0">
  <testcase name="OHRM_EmpDataExport" time="63.039" classname="com.TestNG.OHRM_Data_Export_And_Delete"/>
</testsuite> <!-- com.TestNG.OHRM_Data_Export_And_Delete -->
