<?xml version="1.0" encoding="UTF-8"?>
<!-- Generated by org.testng.reporters.JUnitReportReporter -->
<testsuite hostname="Madhuvarma" name="com.OHRM.TestScripts.LogIn_Test" tests="1" failures="0" timestamp="5 Aug 2019 13:55:48 GMT" time="12.692" errors="0">
  <testcase name="LogIn" time="12.692" classname="com.OHRM.TestScripts.LogIn_Test"/>
</testsuite> <!-- com.OHRM.TestScripts.LogIn_Test -->
