<?xml version="1.0" encoding="UTF-8"?>
<!-- Generated by org.testng.reporters.JUnitReportReporter -->
<testsuite hostname="Madhuvarma" name="com.ScreenShot.Validation_Failure_Screenshot" tests="1" failures="0" timestamp="1 Aug 2019 14:45:44 GMT" time="5.793" errors="0">
  <testcase name="LogIn" time="5.793" classname="com.ScreenShot.Validation_Failure_Screenshot"/>
</testsuite> <!-- com.ScreenShot.Validation_Failure_Screenshot -->
