<?xml version="1.0" encoding="UTF-8"?>
<!-- Generated by org.testng.reporters.JUnitReportReporter -->
<testsuite hostname="Madhuvarma" name="com.TestNG.Annotations1" tests="3" failures="0" timestamp="26 Jul 2019 10:12:23 GMT" time="0.025" errors="0">
  <testcase name="BrowserLaunch" time="0.014" classname="com.TestNG.Annotations1"/>
  <testcase name="NavigateToGmailApplication" time="0.002" classname="com.TestNG.Annotations1"/>
  <testcase name="Login" time="0.009" classname="com.TestNG.Annotations1"/>
</testsuite> <!-- com.TestNG.Annotations1 -->
