<?xml version="1.0" encoding="UTF-8"?>
<!-- Generated by org.testng.reporters.JUnitReportReporter -->
<testsuite hostname="Madhuvarma" name="com.TestNG.TimaAndDateFirstRowFirstColumn" tests="1" failures="0" timestamp="27 Jul 2019 10:55:45 GMT" time="1.656" errors="0">
  <testcase name="FirstRowFirstColumnCityName" time="1.656" classname="com.TestNG.TimaAndDateFirstRowFirstColumn"/>
</testsuite> <!-- com.TestNG.TimaAndDateFirstRowFirstColumn -->
