<?xml version="1.0" encoding="UTF-8"?>
<!-- Generated by org.testng.reporters.JUnitReportReporter -->
<testsuite hostname="Madhuvarma" name="com.TestNG.Capturing_All_Webtable_Size" tests="1" failures="0" timestamp="30 Jul 2019 08:07:27 GMT" time="21.062" errors="0">
  <testcase name="Capture_All_Webtable" time="21.062" classname="com.TestNG.Capturing_All_Webtable_Size"/>
</testsuite> <!-- com.TestNG.Capturing_All_Webtable_Size -->
