<?xml version="1.0" encoding="UTF-8"?>
<!-- Generated by org.testng.reporters.JUnitReportReporter -->
<testsuite hostname="Madhuvarma" name="com.NewTours.Pages.LogInPageTest" tests="1" failures="0" timestamp="5 Aug 2019 04:18:52 GMT" time="21.220" errors="0">
  <testcase name="LogInPageTesting" time="21.220" classname="com.NewTours.Pages.LogInPageTest"/>
</testsuite> <!-- com.NewTours.Pages.LogInPageTest -->
